<?xml version="1.0" encoding="UTF-8"?>
<testng-results skipped="0" failed="0" ignored="0" total="4" passed="4">
  <reporter-output>
  </reporter-output>
  <suite name="Default suite" duration-ms="16658" started-at="2021-03-14T11:15:28 IST" finished-at="2021-03-14T11:15:44 IST">
    <groups>
    </groups>
    <test name="Default test" duration-ms="16658" started-at="2021-03-14T11:15:28 IST" finished-at="2021-03-14T11:15:44 IST">
      <class name="seleniumEasy.forms.InputFormTest">
        <test-method status="PASS" signature="setUp()[pri:0, instance:seleniumEasy.forms.InputFormTest@4e718207]" name="setUp" is-config="true" duration-ms="11448" started-at="2021-03-14T11:15:28 IST" finished-at="2021-03-14T11:15:39 IST">
          <reporter-output>
          </reporter-output>
        </test-method> <!-- setUp -->
        <test-method status="PASS" signature="TC_001()[pri:0, instance:seleniumEasy.forms.InputFormTest@4e718207]" name="TC_001" duration-ms="450" started-at="2021-03-14T11:15:39 IST" finished-at="2021-03-14T11:15:40 IST">
          <reporter-output>
          </reporter-output>
        </test-method> <!-- TC_001 -->
        <test-method status="PASS" signature="TC_002()[pri:0, instance:seleniumEasy.forms.InputFormTest@4e718207]" name="TC_002" duration-ms="1399" started-at="2021-03-14T11:15:40 IST" finished-at="2021-03-14T11:15:41 IST">
          <reporter-output>
          </reporter-output>
        </test-method> <!-- TC_002 -->
        <test-method status="PASS" signature="TC_003()[pri:0, instance:seleniumEasy.forms.InputFormTest@4e718207]" name="TC_003" duration-ms="476" started-at="2021-03-14T11:15:41 IST" finished-at="2021-03-14T11:15:42 IST">
          <reporter-output>
          </reporter-output>
        </test-method> <!-- TC_003 -->
        <test-method status="PASS" signature="TC_004()[pri:0, instance:seleniumEasy.forms.InputFormTest@4e718207]" name="TC_004" duration-ms="2818" started-at="2021-03-14T11:15:42 IST" finished-at="2021-03-14T11:15:44 IST">
          <reporter-output>
          </reporter-output>
        </test-method> <!-- TC_004 -->
      </class> <!-- seleniumEasy.forms.InputFormTest -->
    </test> <!-- Default test -->
  </suite> <!-- Default suite -->
</testng-results>
